Arguments: 
  /usr/bin/node /home/bd/.yarn/bin/yarn.js add propper.js

PATH: 
  /home/bd/.yarn/bin:/home/bd/.config/yarn/global/node_modules/.bin:/home/bd/.local/bin:/usr/local/bin:/usr/bin:/bin:/usr/local/sbin:/usr/lib/jvm/default/bin:/usr/bin/site_perl:/usr/bin/vendor_perl:/usr/bin/core_perl:/var/lib/snapd/snap/bin:/home/bd/.fzf/bin

Yarn version: 
  1.22.0

Node version: 
  14.8.0

Platform: 
  linux x64

Trace: 
  Error: https://registry.yarnpkg.com/propper.js: Not found
      at Request.params.callback [as _callback] (/home/bd/.yarn/lib/cli.js:66975:18)
      at Request.self.callback (/home/bd/.yarn/lib/cli.js:140727:22)
      at Request.emit (events.js:314:20)
      at Request.<anonymous> (/home/bd/.yarn/lib/cli.js:141699:10)
      at Request.emit (events.js:314:20)
      at IncomingMessage.<anonymous> (/home/bd/.yarn/lib/cli.js:141621:12)
      at Object.onceWrapper (events.js:420:28)
      at IncomingMessage.emit (events.js:326:22)
      at endReadableNT (_stream_readable.js:1244:12)
      at processTicksAndRejections (internal/process/task_queues.js:80:21)

npm manifest: 
  {
    "name": "bodja-theme",
    "version": "1.0.0",
    "main": "index.js",
    "repository": "https://github.com/timber/starter-theme",
    "author": "Bogdan Dilaj <info@bogdan-dilaj.de>",
    "license": "MIT",
    "dependencies": {
      "bootstrap": "^4.5.2",
      "jquery": "^3.5.1"
    }
  }

yarn manifest: 
  No manifest

Lockfile: 
  # THIS IS AN AUTOGENERATED FILE. DO NOT EDIT THIS FILE DIRECTLY.
  # yarn lockfile v1
  
  
  bootstrap@^4.5.2:
    version "4.5.2"
    resolved "https://registry.yarnpkg.com/bootstrap/-/bootstrap-4.5.2.tgz#a85c4eda59155f0d71186b6e6ad9b875813779ab"
    integrity sha512-vlGn0bcySYl/iV+BGA544JkkZP5LB3jsmkeKLFQakCOwCM3AOk7VkldBz4jrzSe+Z0Ezn99NVXa1o45cQY4R6A==
  
  jquery@^3.5.1:
    version "3.5.1"
    resolved "https://registry.yarnpkg.com/jquery/-/jquery-3.5.1.tgz#d7b4d08e1bfdb86ad2f1a3d039ea17304717abb5"
    integrity sha512-XwIBPqcMn57FxfT+Go5pzySnm4KWkT1Tv7gjrpT1srtf8Weynl6R273VJ5GjkRb51IzMp5nbaPjJXMWeju2MKg==
